
Running `apk update --no-cache` at 2026-05-05 08:15:40
apk-tools 3.0.6-r0, compiled for aarch64.
v3.23.4-135-g67994069eca [https://dl-cdn.alpinelinux.org/alpine/v3.23/main]
v3.23.4-135-g67994069eca [https://dl-cdn.alpinelinux.org/alpine/v3.23/community]
OK: 27434 distinct packages available

Running `apk upgrade --no-cache` at 2026-05-05 08:15:42
apk-tools 3.0.6-r0, compiled for aarch64.
OK: 8470 KiB in 16 packages

Running `apk add --no-cache /tmp/glibc-2.43-r1.apk /tmp/glibc-bin-2.43-r1.apk /tmp/glibc-i18n-2.43-r1.apk` at 2026-05-05 08:15:43
apk-tools 3.0.6-r0, compiled for aarch64.
(1/3) Installing glibc (2.43-r1)
(2/3) Installing glibc-bin (2.43-r1)
(3/3) Installing glibc-i18n (2.43-r1)
Executing glibc-bin-2.43-r1.trigger
OK: 42.3 MiB in 19 packages

Running `apk del glibc-i18n` at 2026-05-05 08:15:44
apk-tools 3.0.6-r0, compiled for aarch64.
WARNING: opening from cache https://dl-cdn.alpinelinux.org/alpine/v3.23/main/aarch64/APKINDEX.tar.gz: No such file or directory
WARNING: opening from cache https://dl-cdn.alpinelinux.org/alpine/v3.23/community/aarch64/APKINDEX.tar.gz: No such file or directory
(1/1) Purging glibc-i18n (2.43-r1)
OK: 16.0 MiB in 18 packages

Running `apk add --no-cache libstdc++ libgcc` at 2026-05-05 08:15:45
apk-tools 3.0.6-r0, compiled for aarch64.
(1/2) Installing libgcc (15.2.0-r2)
(2/2) Installing libstdc++ (15.2.0-r2)
Executing glibc-bin-2.43-r1.trigger
OK: 18.8 MiB in 20 packages
